<component name="libraryTable">
  <library name="junit-4.9">
    <CLASSES>
      <root url="jar:///soi/lib/contents/junit/4.9/jar/junit-4.9.jar!/" />
    </CLASSES>
    <JAVADOC />
    <SOURCES>
      <root url="jar:///soi/lib/contents/junit/4.9/source/junit-4.9.jar!/" />
    </SOURCES>
  </library>
</component>